[2025-07-15 10:13:47] testing.DEBUG: CheckWaitingListAccountMshipState listener triggered for account 98016803  
[2025-07-15 10:13:47] testing.DEBUG: Account 98016803 is not in a 'home members only' waiting list, skipping.  
[2025-07-15 10:14:39] testing.DEBUG: CheckWaitingListAccountMshipState listener triggered for account 47800721  
[2025-07-15 10:14:39] testing.DEBUG: Account 47800721 is not in a 'home members only' waiting list, skipping.  
[2025-07-15 10:14:44] testing.DEBUG: CheckWaitingListAccountMshipState listener triggered for account 20094164  
[2025-07-15 10:14:44] testing.DEBUG: Account 20094164 is not in a 'home members only' waiting list, skipping.  
[2025-07-15 10:17:06] testing.DEBUG: CheckWaitingListAccountMshipState listener triggered for account 86085196  
[2025-07-15 10:17:06] testing.DEBUG: Account 86085196 is not in a 'home members only' waiting list, skipping.  
[2025-07-15 10:17:06] testing.DEBUG: CheckWaitingListAccountMshipState listener triggered for account 74735827  
[2025-07-15 10:17:06] testing.DEBUG: Account 74735827 is not in a 'home members only' waiting list, skipping.  
[2025-07-15 10:17:09] testing.DEBUG: CheckWaitingListAccountMshipState listener triggered for account 96311959  
[2025-07-15 10:17:09] testing.DEBUG: Account 96311959 is not in a 'home members only' waiting list, skipping.  
[2025-07-15 10:18:26] testing.DEBUG: CheckWaitingListAccountMshipState listener triggered for account 56852231  
[2025-07-15 10:18:26] testing.DEBUG: Account 56852231 is not in a 'home members only' waiting list, skipping.  
[2025-07-15 10:18:26] testing.DEBUG: CheckWaitingListAccountMshipState listener triggered for account 31542669  
[2025-07-15 10:18:26] testing.DEBUG: Account 31542669 is not in a 'home members only' waiting list, skipping.  
[2025-07-15 10:18:26] testing.DEBUG: CheckWaitingListAccountMshipState listener triggered for account 76572148  
[2025-07-15 10:18:26] testing.DEBUG: Account 76572148 is not in a 'home members only' waiting list, skipping.  
[2025-07-15 10:18:48] testing.DEBUG: CheckWaitingListAccountMshipState listener triggered for account 87932056  
[2025-07-15 10:18:48] testing.DEBUG: Account 87932056 is not in a 'home members only' waiting list, skipping.  
[2025-07-15 10:18:48] testing.DEBUG: CheckWaitingListAccountMshipState listener triggered for account 68637479  
[2025-07-15 10:18:48] testing.DEBUG: Account 68637479 is not in a 'home members only' waiting list, skipping.  
[2025-07-15 10:18:48] testing.DEBUG: CheckWaitingListAccountMshipState listener triggered for account 65222408  
[2025-07-15 10:18:48] testing.DEBUG: Account 65222408 is not in a 'home members only' waiting list, skipping.  
[2025-07-15 10:19:27] testing.DEBUG: CheckWaitingListAccountMshipState listener triggered for account 52075150  
[2025-07-15 10:19:27] testing.DEBUG: Account 52075150 is not in a 'home members only' waiting list, skipping.  
[2025-07-15 10:19:28] testing.DEBUG: CheckWaitingListAccountMshipState listener triggered for account 16626490  
[2025-07-15 10:19:28] testing.DEBUG: Account 16626490 is not in a 'home members only' waiting list, skipping.  
[2025-07-15 10:19:28] testing.DEBUG: CheckWaitingListAccountMshipState listener triggered for account 76224411  
[2025-07-15 10:19:28] testing.DEBUG: Account 76224411 is not in a 'home members only' waiting list, skipping.  
[2025-07-15 10:20:24] testing.DEBUG: CheckWaitingListAccountMshipState listener triggered for account 16285477  
[2025-07-15 10:20:24] testing.DEBUG: Account 16285477 is not in a 'home members only' waiting list, skipping.  
[2025-07-15 10:20:24] testing.DEBUG: CheckWaitingListAccountMshipState listener triggered for account 53576496  
[2025-07-15 10:20:24] testing.DEBUG: Account 53576496 is not in a 'home members only' waiting list, skipping.  
[2025-07-15 10:20:24] testing.DEBUG: CheckWaitingListAccountMshipState listener triggered for account 48935831  
[2025-07-15 10:20:24] testing.DEBUG: Account 48935831 is not in a 'home members only' waiting list, skipping.  
[2025-07-15 10:21:02] testing.DEBUG: CheckWaitingListAccountMshipState listener triggered for account 71475009  
[2025-07-15 10:21:02] testing.DEBUG: Account 71475009 is not in a 'home members only' waiting list, skipping.  
[2025-07-15 10:21:02] testing.DEBUG: CheckWaitingListAccountMshipState listener triggered for account 61027910  
[2025-07-15 10:21:02] testing.DEBUG: Account 61027910 is not in a 'home members only' waiting list, skipping.  
[2025-07-15 10:21:02] testing.DEBUG: CheckWaitingListAccountMshipState listener triggered for account 99041827  
[2025-07-15 10:21:02] testing.DEBUG: Account 99041827 is not in a 'home members only' waiting list, skipping.  
[2025-07-15 10:21:09] testing.DEBUG: CheckWaitingListAccountMshipState listener triggered for account 79818807  
[2025-07-15 10:21:09] testing.DEBUG: Account 79818807 is not in a 'home members only' waiting list, skipping.  
[2025-07-15 10:21:09] testing.DEBUG: CheckWaitingListAccountMshipState listener triggered for account 26363276  
[2025-07-15 10:21:09] testing.DEBUG: Account 26363276 is not in a 'home members only' waiting list, skipping.  
[2025-07-15 10:21:09] testing.DEBUG: CheckWaitingListAccountMshipState listener triggered for account 81202241  
[2025-07-15 10:21:09] testing.DEBUG: Account 81202241 is not in a 'home members only' waiting list, skipping.  
[2025-07-15 10:21:09] testing.DEBUG: CheckWaitingListAccountMshipState listener triggered for account 60952600  
[2025-07-15 10:21:09] testing.DEBUG: Account 60952600 is not in a 'home members only' waiting list, skipping.  
[2025-07-15 10:22:39] testing.DEBUG: CheckWaitingListAccountMshipState listener triggered for account 98005364  
[2025-07-15 10:22:39] testing.DEBUG: Account 98005364 is not in a 'home members only' waiting list, skipping.  
[2025-07-15 10:22:39] testing.DEBUG: CheckWaitingListAccountMshipState listener triggered for account 92309864  
[2025-07-15 10:22:39] testing.DEBUG: Account 92309864 is not in a 'home members only' waiting list, skipping.  
[2025-07-15 10:22:39] testing.DEBUG: CheckWaitingListAccountMshipState listener triggered for account 14973871  
[2025-07-15 10:22:39] testing.DEBUG: Account 14973871 is not in a 'home members only' waiting list, skipping.  
[2025-07-15 10:22:39] testing.DEBUG: CheckWaitingListAccountMshipState listener triggered for account 52178650  
[2025-07-15 10:22:39] testing.DEBUG: Account 52178650 is not in a 'home members only' waiting list, skipping.  
[2025-07-15 10:22:39] testing.DEBUG: CheckWaitingListAccountMshipState listener triggered for account 15347066  
[2025-07-15 10:22:39] testing.DEBUG: Account 15347066 is not in a 'home members only' waiting list, skipping.  
[2025-07-15 10:28:04] testing.DEBUG: CheckWaitingListAccountMshipState listener triggered for account 69114122  
[2025-07-15 10:28:04] testing.DEBUG: Account 69114122 is not in a 'home members only' waiting list, skipping.  
[2025-07-15 10:28:04] testing.DEBUG: CheckWaitingListAccountMshipState listener triggered for account 74551031  
[2025-07-15 10:28:04] testing.DEBUG: Account 74551031 is not in a 'home members only' waiting list, skipping.  
[2025-07-15 10:28:04] testing.DEBUG: CheckWaitingListAccountMshipState listener triggered for account 34881815  
[2025-07-15 10:28:04] testing.DEBUG: Account 34881815 is not in a 'home members only' waiting list, skipping.  
[2025-07-15 10:28:04] testing.DEBUG: CheckWaitingListAccountMshipState listener triggered for account 50214342  
[2025-07-15 10:28:04] testing.DEBUG: Account 50214342 is not in a 'home members only' waiting list, skipping.  
[2025-07-15 10:28:04] testing.DEBUG: CheckWaitingListAccountMshipState listener triggered for account 39604433  
[2025-07-15 10:28:04] testing.DEBUG: Account 39604433 is not in a 'home members only' waiting list, skipping.  
[2025-07-15 11:27:39] testing.DEBUG: CheckWaitingListAccountMshipState listener triggered for account 1  
[2025-07-15 11:27:39] testing.DEBUG: Account 1 is not in a 'home members only' waiting list, skipping.  
[2025-07-15 11:27:56] testing.DEBUG: CheckWaitingListAccountMshipState listener triggered for account 1  
[2025-07-15 11:27:56] testing.DEBUG: Account 1 is not in a 'home members only' waiting list, skipping.  
[2025-07-15 11:31:42] testing.DEBUG: CheckWaitingListAccountMshipState listener triggered for account 1  
[2025-07-15 11:31:42] testing.DEBUG: Account 1 is not in a 'home members only' waiting list, skipping.  
[2025-07-15 11:32:33] testing.DEBUG: CheckWaitingListAccountMshipState listener triggered for account 1  
[2025-07-15 11:32:33] testing.DEBUG: Account 1 is not in a 'home members only' waiting list, skipping.  
[2025-07-15 11:33:07] testing.DEBUG: CheckWaitingListAccountMshipState listener triggered for account 1  
[2025-07-15 11:33:07] testing.DEBUG: Account 1 is not in a 'home members only' waiting list, skipping.  
[2025-07-15 11:33:40] testing.DEBUG: CheckWaitingListAccountMshipState listener triggered for account 1  
[2025-07-15 11:33:40] testing.DEBUG: Account 1 is not in a 'home members only' waiting list, skipping.  
[2025-07-15 11:43:40] testing.DEBUG: CheckWaitingListAccountMshipState listener triggered for account 1  
[2025-07-15 11:43:40] testing.DEBUG: Account 1 is not in a 'home members only' waiting list, skipping.  
[2025-07-15 11:47:12] testing.DEBUG: CheckWaitingListAccountMshipState listener triggered for account 1  
[2025-07-15 11:47:12] testing.DEBUG: Account 1 is not in a 'home members only' waiting list, skipping.  
[2025-07-15 11:51:24] testing.DEBUG: CheckWaitingListAccountMshipState listener triggered for account 1  
[2025-07-15 11:51:24] testing.DEBUG: Account 1 is not in a 'home members only' waiting list, skipping.  
[2025-07-15 11:54:46] testing.DEBUG: CheckWaitingListAccountMshipState listener triggered for account 1  
[2025-07-15 11:54:46] testing.DEBUG: Account 1 is not in a 'home members only' waiting list, skipping.  
[2025-07-15 11:54:46] testing.INFO: Adding account to waiting list {"account_id":1,"waiting_list_id":4} 
[2025-07-15 11:54:57] testing.DEBUG: CheckWaitingListAccountMshipState listener triggered for account 1  
[2025-07-15 11:54:57] testing.DEBUG: Account 1 is not in a 'home members only' waiting list, skipping.  
[2025-07-15 11:54:57] testing.INFO: Adding account to waiting list {"account_id":1,"waiting_list_id":5} 
[2025-07-15 11:56:51] testing.DEBUG: CheckWaitingListAccountMshipState listener triggered for account 1  
[2025-07-15 11:56:51] testing.DEBUG: Account 1 is not in a 'home members only' waiting list, skipping.  
[2025-07-15 11:56:51] testing.INFO: Waiting list account ID: 8  
[2025-07-15 11:56:57] testing.DEBUG: CheckWaitingListAccountMshipState listener triggered for account 1  
[2025-07-15 11:56:57] testing.DEBUG: Account 1 is not in a 'home members only' waiting list, skipping.  
[2025-07-15 11:56:57] testing.INFO: Waiting list account ID: 9  
[2025-07-15 11:57:30] testing.DEBUG: CheckWaitingListAccountMshipState listener triggered for account 1  
[2025-07-15 11:57:30] testing.DEBUG: Account 1 is not in a 'home members only' waiting list, skipping.  
[2025-07-15 11:57:30] testing.INFO: Waiting list account ID: 10  
[2025-07-15 11:57:58] testing.DEBUG: CheckWaitingListAccountMshipState listener triggered for account 1  
[2025-07-15 11:57:58] testing.DEBUG: Account 1 is not in a 'home members only' waiting list, skipping.  
[2025-07-15 11:58:35] testing.DEBUG: CheckWaitingListAccountMshipState listener triggered for account 1  
[2025-07-15 11:58:35] testing.DEBUG: Account 1 is not in a 'home members only' waiting list, skipping.  
[2025-07-15 11:58:52] testing.DEBUG: CheckWaitingListAccountMshipState listener triggered for account 1  
[2025-07-15 11:58:52] testing.DEBUG: Account 1 is not in a 'home members only' waiting list, skipping.  
[2025-07-15 11:58:52] testing.INFO: Email sent at: 2025-07-15 11:58:52  
[2025-07-15 11:59:10] testing.DEBUG: CheckWaitingListAccountMshipState listener triggered for account 1  
[2025-07-15 11:59:10] testing.DEBUG: Account 1 is not in a 'home members only' waiting list, skipping.  
[2025-07-15 11:59:10] testing.INFO: Email sent at: 2025-07-15 11:59:10  
[2025-07-15 11:59:31] testing.DEBUG: CheckWaitingListAccountMshipState listener triggered for account 1  
[2025-07-15 11:59:31] testing.DEBUG: Account 1 is not in a 'home members only' waiting list, skipping.  
[2025-07-15 11:59:41] testing.DEBUG: CheckWaitingListAccountMshipState listener triggered for account 1  
[2025-07-15 11:59:41] testing.DEBUG: Account 1 is not in a 'home members only' waiting list, skipping.  
[2025-07-15 12:04:27] testing.DEBUG: CheckWaitingListAccountMshipState listener triggered for account 1  
[2025-07-15 12:04:27] testing.DEBUG: Account 1 is not in a 'home members only' waiting list, skipping.  
[2025-07-15 12:04:27] testing.DEBUG: CheckWaitingListAccountMshipState listener triggered for account 78575446  
[2025-07-15 12:04:27] testing.DEBUG: Account 78575446 is not in a 'home members only' waiting list, skipping.  
[2025-07-15 12:04:27] testing.DEBUG: CheckWaitingListAccountMshipState listener triggered for account 97526497  
[2025-07-15 12:04:27] testing.DEBUG: Account 97526497 is not in a 'home members only' waiting list, skipping.  
[2025-07-15 12:04:27] testing.DEBUG: CheckWaitingListAccountMshipState listener triggered for account 57034163  
[2025-07-15 12:04:27] testing.DEBUG: Account 57034163 is not in a 'home members only' waiting list, skipping.  
[2025-07-15 12:04:27] testing.DEBUG: CheckWaitingListAccountMshipState listener triggered for account 17013193  
[2025-07-15 12:04:27] testing.DEBUG: Account 17013193 is not in a 'home members only' waiting list, skipping.  
[2025-07-15 12:04:27] testing.DEBUG: CheckWaitingListAccountMshipState listener triggered for account 39629306  
[2025-07-15 12:04:27] testing.DEBUG: Account 39629306 is not in a 'home members only' waiting list, skipping.  
[2025-07-15 12:04:27] testing.DEBUG: CheckWaitingListAccountMshipState listener triggered for account 31491795  
[2025-07-15 12:04:27] testing.DEBUG: Account 31491795 is not in a 'home members only' waiting list, skipping.  
[2025-07-15 12:04:27] testing.DEBUG: CheckWaitingListAccountMshipState listener triggered for account 94877693  
[2025-07-15 12:04:27] testing.DEBUG: Account 94877693 is not in a 'home members only' waiting list, skipping.  
[2025-07-15 12:04:27] testing.DEBUG: CheckWaitingListAccountMshipState listener triggered for account 30286944  
[2025-07-15 12:04:27] testing.DEBUG: Account 30286944 is not in a 'home members only' waiting list, skipping.  
[2025-07-15 12:04:27] testing.DEBUG: CheckWaitingListAccountMshipState listener triggered for account 36847292  
[2025-07-15 12:04:27] testing.DEBUG: Account 36847292 is not in a 'home members only' waiting list, skipping.  
[2025-07-15 12:04:27] testing.DEBUG: CheckWaitingListAccountMshipState listener triggered for account 88452570  
[2025-07-15 12:04:27] testing.DEBUG: Account 88452570 is not in a 'home members only' waiting list, skipping.  
[2025-07-15 12:07:11] testing.DEBUG: CheckWaitingListAccountMshipState listener triggered for account 1  
[2025-07-15 12:07:11] testing.DEBUG: Account 1 is not in a 'home members only' waiting list, skipping.  
[2025-07-15 12:07:11] testing.DEBUG: CheckWaitingListAccountMshipState listener triggered for account 68479449  
[2025-07-15 12:07:11] testing.DEBUG: Account 68479449 is not in a 'home members only' waiting list, skipping.  
[2025-07-15 12:07:11] testing.DEBUG: CheckWaitingListAccountMshipState listener triggered for account 50173794  
[2025-07-15 12:07:11] testing.DEBUG: Account 50173794 is not in a 'home members only' waiting list, skipping.  
[2025-07-15 12:07:11] testing.DEBUG: CheckWaitingListAccountMshipState listener triggered for account 59157557  
[2025-07-15 12:07:11] testing.DEBUG: Account 59157557 is not in a 'home members only' waiting list, skipping.  
[2025-07-15 12:07:11] testing.DEBUG: CheckWaitingListAccountMshipState listener triggered for account 33026715  
[2025-07-15 12:07:11] testing.DEBUG: Account 33026715 is not in a 'home members only' waiting list, skipping.  
[2025-07-15 12:07:11] testing.DEBUG: CheckWaitingListAccountMshipState listener triggered for account 22471902  
[2025-07-15 12:07:11] testing.DEBUG: Account 22471902 is not in a 'home members only' waiting list, skipping.  
[2025-07-15 12:07:11] testing.DEBUG: CheckWaitingListAccountMshipState listener triggered for account 81898914  
[2025-07-15 12:07:11] testing.DEBUG: Account 81898914 is not in a 'home members only' waiting list, skipping.  
[2025-07-15 12:07:11] testing.DEBUG: CheckWaitingListAccountMshipState listener triggered for account 86974152  
[2025-07-15 12:07:11] testing.DEBUG: Account 86974152 is not in a 'home members only' waiting list, skipping.  
[2025-07-15 12:07:11] testing.DEBUG: CheckWaitingListAccountMshipState listener triggered for account 36721877  
[2025-07-15 12:07:11] testing.DEBUG: Account 36721877 is not in a 'home members only' waiting list, skipping.  
[2025-07-15 12:07:11] testing.DEBUG: CheckWaitingListAccountMshipState listener triggered for account 56346286  
[2025-07-15 12:07:11] testing.DEBUG: Account 56346286 is not in a 'home members only' waiting list, skipping.  
[2025-07-15 12:07:11] testing.DEBUG: CheckWaitingListAccountMshipState listener triggered for account 26709797  
[2025-07-15 12:07:11] testing.DEBUG: Account 26709797 is not in a 'home members only' waiting list, skipping.  
[2025-07-15 12:08:56] testing.DEBUG: CheckWaitingListAccountMshipState listener triggered for account 1  
[2025-07-15 12:08:56] testing.DEBUG: Account 1 is not in a 'home members only' waiting list, skipping.  
[2025-07-15 12:08:56] testing.DEBUG: CheckWaitingListAccountMshipState listener triggered for account 84973726  
[2025-07-15 12:08:56] testing.DEBUG: Account 84973726 is not in a 'home members only' waiting list, skipping.  
[2025-07-15 12:08:56] testing.DEBUG: CheckWaitingListAccountMshipState listener triggered for account 57069341  
[2025-07-15 12:08:56] testing.DEBUG: Account 57069341 is not in a 'home members only' waiting list, skipping.  
[2025-07-15 12:08:56] testing.DEBUG: CheckWaitingListAccountMshipState listener triggered for account 87472087  
[2025-07-15 12:08:56] testing.DEBUG: Account 87472087 is not in a 'home members only' waiting list, skipping.  
[2025-07-15 12:08:56] testing.DEBUG: CheckWaitingListAccountMshipState listener triggered for account 20151482  
[2025-07-15 12:08:56] testing.DEBUG: Account 20151482 is not in a 'home members only' waiting list, skipping.  
[2025-07-15 12:08:56] testing.DEBUG: CheckWaitingListAccountMshipState listener triggered for account 64698751  
[2025-07-15 12:08:56] testing.DEBUG: Account 64698751 is not in a 'home members only' waiting list, skipping.  
[2025-07-15 12:08:56] testing.DEBUG: CheckWaitingListAccountMshipState listener triggered for account 72264396  
[2025-07-15 12:08:56] testing.DEBUG: Account 72264396 is not in a 'home members only' waiting list, skipping.  
[2025-07-15 12:08:56] testing.DEBUG: CheckWaitingListAccountMshipState listener triggered for account 29648652  
[2025-07-15 12:08:56] testing.DEBUG: Account 29648652 is not in a 'home members only' waiting list, skipping.  
[2025-07-15 12:08:56] testing.DEBUG: CheckWaitingListAccountMshipState listener triggered for account 21322031  
[2025-07-15 12:08:56] testing.DEBUG: Account 21322031 is not in a 'home members only' waiting list, skipping.  
[2025-07-15 12:08:56] testing.DEBUG: CheckWaitingListAccountMshipState listener triggered for account 66561116  
[2025-07-15 12:08:56] testing.DEBUG: Account 66561116 is not in a 'home members only' waiting list, skipping.  
[2025-07-15 12:08:56] testing.DEBUG: CheckWaitingListAccountMshipState listener triggered for account 56894008  
[2025-07-15 12:08:56] testing.DEBUG: Account 56894008 is not in a 'home members only' waiting list, skipping.  
[2025-07-15 12:09:08] testing.DEBUG: CheckWaitingListAccountMshipState listener triggered for account 1  
[2025-07-15 12:09:08] testing.DEBUG: Account 1 is not in a 'home members only' waiting list, skipping.  
[2025-07-15 12:09:08] testing.DEBUG: CheckWaitingListAccountMshipState listener triggered for account 46669622  
[2025-07-15 12:09:08] testing.DEBUG: Account 46669622 is not in a 'home members only' waiting list, skipping.  
[2025-07-15 12:09:08] testing.DEBUG: CheckWaitingListAccountMshipState listener triggered for account 94767693  
[2025-07-15 12:09:08] testing.DEBUG: Account 94767693 is not in a 'home members only' waiting list, skipping.  
[2025-07-15 12:09:08] testing.DEBUG: CheckWaitingListAccountMshipState listener triggered for account 76658975  
[2025-07-15 12:09:08] testing.DEBUG: Account 76658975 is not in a 'home members only' waiting list, skipping.  
[2025-07-15 12:09:08] testing.DEBUG: CheckWaitingListAccountMshipState listener triggered for account 22090068  
[2025-07-15 12:09:08] testing.DEBUG: Account 22090068 is not in a 'home members only' waiting list, skipping.  
[2025-07-15 12:09:08] testing.DEBUG: CheckWaitingListAccountMshipState listener triggered for account 21816513  
[2025-07-15 12:09:08] testing.DEBUG: Account 21816513 is not in a 'home members only' waiting list, skipping.  
[2025-07-15 12:09:08] testing.DEBUG: CheckWaitingListAccountMshipState listener triggered for account 36221457  
[2025-07-15 12:09:08] testing.DEBUG: Account 36221457 is not in a 'home members only' waiting list, skipping.  
[2025-07-15 12:09:08] testing.DEBUG: CheckWaitingListAccountMshipState listener triggered for account 54551098  
[2025-07-15 12:09:08] testing.DEBUG: Account 54551098 is not in a 'home members only' waiting list, skipping.  
[2025-07-15 12:09:08] testing.DEBUG: CheckWaitingListAccountMshipState listener triggered for account 67236986  
[2025-07-15 12:09:08] testing.DEBUG: Account 67236986 is not in a 'home members only' waiting list, skipping.  
[2025-07-15 12:09:08] testing.DEBUG: CheckWaitingListAccountMshipState listener triggered for account 58715698  
[2025-07-15 12:09:08] testing.DEBUG: Account 58715698 is not in a 'home members only' waiting list, skipping.  
[2025-07-15 12:09:08] testing.DEBUG: CheckWaitingListAccountMshipState listener triggered for account 86477573  
[2025-07-15 12:09:08] testing.DEBUG: Account 86477573 is not in a 'home members only' waiting list, skipping.  
[2025-07-15 12:11:41] testing.DEBUG: CheckWaitingListAccountMshipState listener triggered for account 1  
[2025-07-15 12:11:41] testing.DEBUG: Account 1 is not in a 'home members only' waiting list, skipping.  
[2025-07-15 12:11:42] testing.DEBUG: CheckWaitingListAccountMshipState listener triggered for account 41081818  
[2025-07-15 12:11:42] testing.DEBUG: Account 41081818 is not in a 'home members only' waiting list, skipping.  
[2025-07-15 12:11:42] testing.DEBUG: CheckWaitingListAccountMshipState listener triggered for account 21930742  
[2025-07-15 12:11:42] testing.DEBUG: Account 21930742 is not in a 'home members only' waiting list, skipping.  
[2025-07-15 12:11:42] testing.DEBUG: CheckWaitingListAccountMshipState listener triggered for account 34873772  
[2025-07-15 12:11:42] testing.DEBUG: Account 34873772 is not in a 'home members only' waiting list, skipping.  
[2025-07-15 12:11:42] testing.DEBUG: CheckWaitingListAccountMshipState listener triggered for account 35575906  
[2025-07-15 12:11:42] testing.DEBUG: Account 35575906 is not in a 'home members only' waiting list, skipping.  
[2025-07-15 12:11:42] testing.DEBUG: CheckWaitingListAccountMshipState listener triggered for account 43713746  
[2025-07-15 12:11:42] testing.DEBUG: Account 43713746 is not in a 'home members only' waiting list, skipping.  
[2025-07-15 12:11:42] testing.DEBUG: CheckWaitingListAccountMshipState listener triggered for account 17820542  
[2025-07-15 12:11:42] testing.DEBUG: Account 17820542 is not in a 'home members only' waiting list, skipping.  
[2025-07-15 12:11:42] testing.DEBUG: CheckWaitingListAccountMshipState listener triggered for account 95730339  
[2025-07-15 12:11:42] testing.DEBUG: Account 95730339 is not in a 'home members only' waiting list, skipping.  
[2025-07-15 12:11:42] testing.DEBUG: CheckWaitingListAccountMshipState listener triggered for account 88619349  
[2025-07-15 12:11:42] testing.DEBUG: Account 88619349 is not in a 'home members only' waiting list, skipping.  
[2025-07-15 12:11:42] testing.DEBUG: CheckWaitingListAccountMshipState listener triggered for account 75977460  
[2025-07-15 12:11:42] testing.DEBUG: Account 75977460 is not in a 'home members only' waiting list, skipping.  
[2025-07-15 12:11:42] testing.DEBUG: CheckWaitingListAccountMshipState listener triggered for account 20287089  
[2025-07-15 12:11:42] testing.DEBUG: Account 20287089 is not in a 'home members only' waiting list, skipping.  
[2025-07-15 12:11:42] testing.INFO: Member 34873772 was removed from waiting list   due to failed retention check 74
          
[2025-07-15 12:12:24] testing.DEBUG: CheckWaitingListAccountMshipState listener triggered for account 1  
[2025-07-15 12:12:24] testing.DEBUG: Account 1 is not in a 'home members only' waiting list, skipping.  
[2025-07-15 12:12:25] testing.DEBUG: CheckWaitingListAccountMshipState listener triggered for account 63988045  
[2025-07-15 12:12:25] testing.DEBUG: Account 63988045 is not in a 'home members only' waiting list, skipping.  
[2025-07-15 12:12:25] testing.DEBUG: CheckWaitingListAccountMshipState listener triggered for account 86540127  
[2025-07-15 12:12:25] testing.DEBUG: Account 86540127 is not in a 'home members only' waiting list, skipping.  
[2025-07-15 12:12:25] testing.DEBUG: CheckWaitingListAccountMshipState listener triggered for account 78207052  
[2025-07-15 12:12:25] testing.DEBUG: Account 78207052 is not in a 'home members only' waiting list, skipping.  
[2025-07-15 12:12:25] testing.DEBUG: CheckWaitingListAccountMshipState listener triggered for account 26164987  
[2025-07-15 12:12:25] testing.DEBUG: Account 26164987 is not in a 'home members only' waiting list, skipping.  
[2025-07-15 12:12:25] testing.DEBUG: CheckWaitingListAccountMshipState listener triggered for account 42651027  
[2025-07-15 12:12:25] testing.DEBUG: Account 42651027 is not in a 'home members only' waiting list, skipping.  
[2025-07-15 12:12:25] testing.DEBUG: CheckWaitingListAccountMshipState listener triggered for account 27150755  
[2025-07-15 12:12:25] testing.DEBUG: Account 27150755 is not in a 'home members only' waiting list, skipping.  
[2025-07-15 12:12:25] testing.DEBUG: CheckWaitingListAccountMshipState listener triggered for account 76720298  
[2025-07-15 12:12:25] testing.DEBUG: Account 76720298 is not in a 'home members only' waiting list, skipping.  
[2025-07-15 12:12:25] testing.DEBUG: CheckWaitingListAccountMshipState listener triggered for account 47321641  
[2025-07-15 12:12:25] testing.DEBUG: Account 47321641 is not in a 'home members only' waiting list, skipping.  
[2025-07-15 12:12:25] testing.DEBUG: CheckWaitingListAccountMshipState listener triggered for account 40784009  
[2025-07-15 12:12:25] testing.DEBUG: Account 40784009 is not in a 'home members only' waiting list, skipping.  
[2025-07-15 12:12:25] testing.DEBUG: CheckWaitingListAccountMshipState listener triggered for account 17495638  
[2025-07-15 12:12:25] testing.DEBUG: Account 17495638 is not in a 'home members only' waiting list, skipping.  
[2025-07-15 12:12:25] testing.INFO: Member 78207052 was removed from waiting list   due to failed retention check 77
          
[2025-07-15 12:13:48] testing.DEBUG: CheckWaitingListAccountMshipState listener triggered for account 1  
[2025-07-15 12:13:48] testing.DEBUG: Account 1 is not in a 'home members only' waiting list, skipping.  
[2025-07-15 12:13:48] testing.DEBUG: CheckWaitingListAccountMshipState listener triggered for account 50648133  
[2025-07-15 12:13:48] testing.DEBUG: Account 50648133 is not in a 'home members only' waiting list, skipping.  
[2025-07-15 12:13:48] testing.DEBUG: CheckWaitingListAccountMshipState listener triggered for account 45898422  
[2025-07-15 12:13:48] testing.DEBUG: Account 45898422 is not in a 'home members only' waiting list, skipping.  
[2025-07-15 12:13:48] testing.DEBUG: CheckWaitingListAccountMshipState listener triggered for account 56670884  
[2025-07-15 12:13:48] testing.DEBUG: Account 56670884 is not in a 'home members only' waiting list, skipping.  
[2025-07-15 12:13:48] testing.DEBUG: CheckWaitingListAccountMshipState listener triggered for account 23006053  
[2025-07-15 12:13:48] testing.DEBUG: Account 23006053 is not in a 'home members only' waiting list, skipping.  
[2025-07-15 12:13:48] testing.DEBUG: CheckWaitingListAccountMshipState listener triggered for account 35220368  
[2025-07-15 12:13:48] testing.DEBUG: Account 35220368 is not in a 'home members only' waiting list, skipping.  
[2025-07-15 12:13:48] testing.DEBUG: CheckWaitingListAccountMshipState listener triggered for account 93912443  
[2025-07-15 12:13:48] testing.DEBUG: Account 93912443 is not in a 'home members only' waiting list, skipping.  
[2025-07-15 12:13:48] testing.DEBUG: CheckWaitingListAccountMshipState listener triggered for account 72512713  
[2025-07-15 12:13:48] testing.DEBUG: Account 72512713 is not in a 'home members only' waiting list, skipping.  
[2025-07-15 12:13:48] testing.DEBUG: CheckWaitingListAccountMshipState listener triggered for account 68882279  
[2025-07-15 12:13:48] testing.DEBUG: Account 68882279 is not in a 'home members only' waiting list, skipping.  
[2025-07-15 12:13:48] testing.DEBUG: CheckWaitingListAccountMshipState listener triggered for account 23170518  
[2025-07-15 12:13:48] testing.DEBUG: Account 23170518 is not in a 'home members only' waiting list, skipping.  
[2025-07-15 12:13:48] testing.DEBUG: CheckWaitingListAccountMshipState listener triggered for account 73146606  
[2025-07-15 12:13:48] testing.DEBUG: Account 73146606 is not in a 'home members only' waiting list, skipping.  
[2025-07-15 12:13:48] testing.INFO: Member 56670884 was removed from waiting list   due to failed retention check 80
          
[2025-07-15 12:14:00] testing.DEBUG: CheckWaitingListAccountMshipState listener triggered for account 1  
[2025-07-15 12:14:00] testing.DEBUG: Account 1 is not in a 'home members only' waiting list, skipping.  
[2025-07-15 12:14:00] testing.DEBUG: CheckWaitingListAccountMshipState listener triggered for account 30678340  
[2025-07-15 12:14:00] testing.DEBUG: Account 30678340 is not in a 'home members only' waiting list, skipping.  
[2025-07-15 12:14:00] testing.DEBUG: CheckWaitingListAccountMshipState listener triggered for account 78185215  
[2025-07-15 12:14:00] testing.DEBUG: Account 78185215 is not in a 'home members only' waiting list, skipping.  
[2025-07-15 12:14:00] testing.DEBUG: CheckWaitingListAccountMshipState listener triggered for account 64355044  
[2025-07-15 12:14:00] testing.DEBUG: Account 64355044 is not in a 'home members only' waiting list, skipping.  
[2025-07-15 12:14:00] testing.DEBUG: CheckWaitingListAccountMshipState listener triggered for account 18429957  
[2025-07-15 12:14:00] testing.DEBUG: Account 18429957 is not in a 'home members only' waiting list, skipping.  
[2025-07-15 12:14:00] testing.DEBUG: CheckWaitingListAccountMshipState listener triggered for account 53455976  
[2025-07-15 12:14:00] testing.DEBUG: Account 53455976 is not in a 'home members only' waiting list, skipping.  
[2025-07-15 12:14:00] testing.DEBUG: CheckWaitingListAccountMshipState listener triggered for account 99895471  
[2025-07-15 12:14:00] testing.DEBUG: Account 99895471 is not in a 'home members only' waiting list, skipping.  
[2025-07-15 12:14:00] testing.DEBUG: CheckWaitingListAccountMshipState listener triggered for account 34403241  
[2025-07-15 12:14:00] testing.DEBUG: Account 34403241 is not in a 'home members only' waiting list, skipping.  
[2025-07-15 12:14:00] testing.DEBUG: CheckWaitingListAccountMshipState listener triggered for account 17532696  
[2025-07-15 12:14:00] testing.DEBUG: Account 17532696 is not in a 'home members only' waiting list, skipping.  
[2025-07-15 12:14:00] testing.DEBUG: CheckWaitingListAccountMshipState listener triggered for account 97013444  
[2025-07-15 12:14:00] testing.DEBUG: Account 97013444 is not in a 'home members only' waiting list, skipping.  
[2025-07-15 12:14:00] testing.DEBUG: CheckWaitingListAccountMshipState listener triggered for account 15290097  
[2025-07-15 12:14:00] testing.DEBUG: Account 15290097 is not in a 'home members only' waiting list, skipping.  
[2025-07-15 12:14:00] testing.INFO: Member 64355044 was removed from waiting list   due to failed retention check 83
          
[2025-07-15 12:14:53] testing.DEBUG: CheckWaitingListAccountMshipState listener triggered for account 1  
[2025-07-15 12:14:53] testing.DEBUG: Account 1 is not in a 'home members only' waiting list, skipping.  
[2025-07-15 12:14:53] testing.DEBUG: CheckWaitingListAccountMshipState listener triggered for account 65014665  
[2025-07-15 12:14:53] testing.DEBUG: Account 65014665 is not in a 'home members only' waiting list, skipping.  
[2025-07-15 12:14:53] testing.DEBUG: CheckWaitingListAccountMshipState listener triggered for account 53644993  
[2025-07-15 12:14:53] testing.DEBUG: Account 53644993 is not in a 'home members only' waiting list, skipping.  
[2025-07-15 12:14:53] testing.DEBUG: CheckWaitingListAccountMshipState listener triggered for account 69942191  
[2025-07-15 12:14:53] testing.DEBUG: Account 69942191 is not in a 'home members only' waiting list, skipping.  
[2025-07-15 12:14:53] testing.DEBUG: CheckWaitingListAccountMshipState listener triggered for account 16457792  
[2025-07-15 12:14:53] testing.DEBUG: Account 16457792 is not in a 'home members only' waiting list, skipping.  
[2025-07-15 12:14:53] testing.DEBUG: CheckWaitingListAccountMshipState listener triggered for account 81579194  
[2025-07-15 12:14:53] testing.DEBUG: Account 81579194 is not in a 'home members only' waiting list, skipping.  
[2025-07-15 12:14:53] testing.DEBUG: CheckWaitingListAccountMshipState listener triggered for account 62662438  
[2025-07-15 12:14:53] testing.DEBUG: Account 62662438 is not in a 'home members only' waiting list, skipping.  
[2025-07-15 12:14:53] testing.DEBUG: CheckWaitingListAccountMshipState listener triggered for account 85142967  
[2025-07-15 12:14:53] testing.DEBUG: Account 85142967 is not in a 'home members only' waiting list, skipping.  
[2025-07-15 12:14:53] testing.DEBUG: CheckWaitingListAccountMshipState listener triggered for account 86980862  
[2025-07-15 12:14:53] testing.DEBUG: Account 86980862 is not in a 'home members only' waiting list, skipping.  
[2025-07-15 12:14:53] testing.DEBUG: CheckWaitingListAccountMshipState listener triggered for account 69431291  
[2025-07-15 12:14:53] testing.DEBUG: Account 69431291 is not in a 'home members only' waiting list, skipping.  
[2025-07-15 12:14:53] testing.DEBUG: CheckWaitingListAccountMshipState listener triggered for account 56679433  
[2025-07-15 12:14:53] testing.DEBUG: Account 56679433 is not in a 'home members only' waiting list, skipping.  
[2025-07-15 12:14:53] testing.INFO: Member 69942191 was removed from waiting list   due to failed retention check 86
          
[2025-07-15 12:15:43] testing.DEBUG: CheckWaitingListAccountMshipState listener triggered for account 1  
[2025-07-15 12:15:43] testing.DEBUG: Account 1 is not in a 'home members only' waiting list, skipping.  
[2025-07-15 12:15:43] testing.DEBUG: CheckWaitingListAccountMshipState listener triggered for account 37290954  
[2025-07-15 12:15:43] testing.DEBUG: Account 37290954 is not in a 'home members only' waiting list, skipping.  
[2025-07-15 12:15:43] testing.DEBUG: CheckWaitingListAccountMshipState listener triggered for account 76064930  
[2025-07-15 12:15:43] testing.DEBUG: Account 76064930 is not in a 'home members only' waiting list, skipping.  
[2025-07-15 12:15:43] testing.DEBUG: CheckWaitingListAccountMshipState listener triggered for account 20498814  
[2025-07-15 12:15:43] testing.DEBUG: Account 20498814 is not in a 'home members only' waiting list, skipping.  
[2025-07-15 12:15:43] testing.DEBUG: CheckWaitingListAccountMshipState listener triggered for account 11722543  
[2025-07-15 12:15:43] testing.DEBUG: Account 11722543 is not in a 'home members only' waiting list, skipping.  
[2025-07-15 12:15:43] testing.DEBUG: CheckWaitingListAccountMshipState listener triggered for account 67178017  
[2025-07-15 12:15:43] testing.DEBUG: Account 67178017 is not in a 'home members only' waiting list, skipping.  
[2025-07-15 12:15:43] testing.DEBUG: CheckWaitingListAccountMshipState listener triggered for account 81363576  
[2025-07-15 12:15:43] testing.DEBUG: Account 81363576 is not in a 'home members only' waiting list, skipping.  
[2025-07-15 12:15:43] testing.DEBUG: CheckWaitingListAccountMshipState listener triggered for account 85453699  
[2025-07-15 12:15:43] testing.DEBUG: Account 85453699 is not in a 'home members only' waiting list, skipping.  
[2025-07-15 12:15:43] testing.DEBUG: CheckWaitingListAccountMshipState listener triggered for account 91074647  
[2025-07-15 12:15:43] testing.DEBUG: Account 91074647 is not in a 'home members only' waiting list, skipping.  
[2025-07-15 12:15:43] testing.DEBUG: CheckWaitingListAccountMshipState listener triggered for account 71542247  
[2025-07-15 12:15:43] testing.DEBUG: Account 71542247 is not in a 'home members only' waiting list, skipping.  
[2025-07-15 12:15:43] testing.DEBUG: CheckWaitingListAccountMshipState listener triggered for account 28330633  
[2025-07-15 12:15:43] testing.DEBUG: Account 28330633 is not in a 'home members only' waiting list, skipping.  
[2025-07-15 12:15:43] testing.INFO: Member 20498814 was removed from waiting list   due to failed retention check 89
          
[2025-07-15 12:15:57] testing.DEBUG: CheckWaitingListAccountMshipState listener triggered for account 1  
[2025-07-15 12:15:57] testing.DEBUG: Account 1 is not in a 'home members only' waiting list, skipping.  
[2025-07-15 12:15:57] testing.DEBUG: CheckWaitingListAccountMshipState listener triggered for account 96579314  
[2025-07-15 12:15:57] testing.DEBUG: Account 96579314 is not in a 'home members only' waiting list, skipping.  
[2025-07-15 12:15:57] testing.DEBUG: CheckWaitingListAccountMshipState listener triggered for account 16755417  
[2025-07-15 12:15:57] testing.DEBUG: Account 16755417 is not in a 'home members only' waiting list, skipping.  
[2025-07-15 12:15:57] testing.DEBUG: CheckWaitingListAccountMshipState listener triggered for account 98740639  
[2025-07-15 12:15:57] testing.DEBUG: Account 98740639 is not in a 'home members only' waiting list, skipping.  
[2025-07-15 12:15:57] testing.DEBUG: CheckWaitingListAccountMshipState listener triggered for account 77055297  
[2025-07-15 12:15:57] testing.DEBUG: Account 77055297 is not in a 'home members only' waiting list, skipping.  
[2025-07-15 12:15:57] testing.DEBUG: CheckWaitingListAccountMshipState listener triggered for account 10579283  
[2025-07-15 12:15:57] testing.DEBUG: Account 10579283 is not in a 'home members only' waiting list, skipping.  
[2025-07-15 12:15:57] testing.DEBUG: CheckWaitingListAccountMshipState listener triggered for account 93043064  
[2025-07-15 12:15:57] testing.DEBUG: Account 93043064 is not in a 'home members only' waiting list, skipping.  
[2025-07-15 12:15:58] testing.DEBUG: CheckWaitingListAccountMshipState listener triggered for account 60084415  
[2025-07-15 12:15:58] testing.DEBUG: Account 60084415 is not in a 'home members only' waiting list, skipping.  
[2025-07-15 12:15:58] testing.DEBUG: CheckWaitingListAccountMshipState listener triggered for account 70120573  
[2025-07-15 12:15:58] testing.DEBUG: Account 70120573 is not in a 'home members only' waiting list, skipping.  
[2025-07-15 12:15:58] testing.DEBUG: CheckWaitingListAccountMshipState listener triggered for account 25844170  
[2025-07-15 12:15:58] testing.DEBUG: Account 25844170 is not in a 'home members only' waiting list, skipping.  
[2025-07-15 12:15:58] testing.DEBUG: CheckWaitingListAccountMshipState listener triggered for account 70659610  
[2025-07-15 12:15:58] testing.DEBUG: Account 70659610 is not in a 'home members only' waiting list, skipping.  
[2025-07-15 12:15:58] testing.INFO: Member 98740639 was removed from waiting list   due to failed retention check 92
          
