[2025-07-15 11:47:12] testing.INFO: Account Heaven Cartwright (1) was added to Emmanuelle Stoltenberg by Glen VonRueden (60656841)  
[2025-07-15 11:51:24] testing.INFO: Account Santiago Wuckert (1) was added to Lou Yost by Adella Wiza (27538940)  
[2025-07-15 11:54:46] testing.INFO: Account Ethan Kerluke (1) was added to Dejuan Hilpert by Laurence Osinski (93415582)  
[2025-07-15 11:54:57] testing.INFO: Account Ralph Barton (1) was added to Freddie Connelly by Vella Sawayn (18072541)  
[2025-07-15 11:56:51] testing.INFO: Account Bernadine Satterfield (1) was added to Dr. Brain Lubowitz by Destinee Kris (14632780)  
[2025-07-15 11:56:57] testing.INFO: Account Ashton Graham (1) was added to Miss Amaya Ledner DVM by Caterina Lindgren (88685496)  
[2025-07-15 11:57:30] testing.INFO: Account Ana Gulgowski (1) was added to Rex Grimes by Kory Dickinson (60624676)  
[2025-07-15 11:57:58] testing.INFO: Account Marcellus Pfannerstill (1) was added to Prof. Weston Stiedemann by Ellen Hill (94782397)  
[2025-07-15 11:58:35] testing.INFO: Account Jazmyn Rowe (1) was added to Hilma Weber by Noel Bernhard (71271399)  
[2025-07-15 11:58:52] testing.INFO: Account Gaston Auer (1) was added to Bret Moore by Cleora Dickinson (11673410)  
[2025-07-15 11:59:10] testing.INFO: Account Devin Collier (1) was added to Kip Daugherty by Trudie Grady (82027730)  
[2025-07-15 11:59:31] testing.INFO: Account Delia Doyle (1) was added to Ms. Ada Haley II by Rigoberto Wolf (24904115)  
[2025-07-15 11:59:41] testing.INFO: Account Mandy Koepp (1) was added to Chanel Effertz by Khalil Schumm (87722478)  
[2025-07-15 12:04:27] testing.INFO: Account Marlene Cartwright (1) was added to Mr. Louisa Veum I by Kira Steuber (26337224)  
[2025-07-15 12:04:27] testing.INFO: Account Columbus Morar (78575446) was added to Isabelle Ruecker by Nolan Tromp (31491795)  
[2025-07-15 12:04:27] testing.INFO: Account Ibrahim Leannon (97526497) was added to Isabelle Ruecker by Linnie Langosh (94877693)  
[2025-07-15 12:04:27] testing.INFO: Account Abel Lockman (57034163) was added to Isabelle Ruecker by Isadore O'Reilly (30286944)  
[2025-07-15 12:04:27] testing.INFO: Account Winifred Dooley (17013193) was added to Isabelle Ruecker by Ahmad Kreiger (36847292)  
[2025-07-15 12:04:27] testing.INFO: Account Deon Nicolas (39629306) was added to Isabelle Ruecker by Nellie Gleichner (88452570)  
[2025-07-15 12:07:11] testing.INFO: Account Brandyn Corkery (1) was added to Prof. Sanford Bashirian II by Oliver Borer (93375565)  
[2025-07-15 12:07:11] testing.INFO: Account Ramona Glover (68479449) was added to Virgie Hilpert by Callie Larkin (81898914)  
[2025-07-15 12:07:11] testing.INFO: Account Florence Pouros (50173794) was added to Virgie Hilpert by Margarete Goldner (86974152)  
[2025-07-15 12:07:11] testing.INFO: Account Antoinette Dickinson (59157557) was added to Virgie Hilpert by Alisha Rosenbaum (36721877)  
[2025-07-15 12:07:11] testing.INFO: Account Augusta Gorczany (33026715) was added to Virgie Hilpert by Priscilla Robel (56346286)  
[2025-07-15 12:07:11] testing.INFO: Account Armand Kertzmann (22471902) was added to Virgie Hilpert by Lisandro Lehner (26709797)  
[2025-07-15 12:08:56] testing.INFO: Account Efrain Jakubowski (1) was added to Dr. Giovani Cole by Lilliana Koepp (63716656)  
[2025-07-15 12:08:56] testing.INFO: Account Judy Keebler (84973726) was added to D'angelo Legros by Emmanuelle Dietrich (72264396)  
[2025-07-15 12:08:56] testing.INFO: Account Zoe Schroeder (57069341) was added to D'angelo Legros by Charlie Reinger (29648652)  
[2025-07-15 12:08:56] testing.INFO: Account Lue Zulauf (87472087) was added to D'angelo Legros by Rahsaan Effertz (21322031)  
[2025-07-15 12:08:56] testing.INFO: Account Georgette Stanton (20151482) was added to D'angelo Legros by Stanton Rippin (66561116)  
[2025-07-15 12:08:56] testing.INFO: Account Ignatius Blanda (64698751) was added to D'angelo Legros by Ana Armstrong (56894008)  
[2025-07-15 12:09:08] testing.INFO: Account Luisa Fay (1) was added to Jodie Kunze Jr. by Fannie Macejkovic (50060221)  
[2025-07-15 12:09:08] testing.INFO: Account Wilford Kirlin (46669622) was added to Marjorie Bogisich III by Aliyah Brekke (36221457)  
[2025-07-15 12:09:08] testing.INFO: Account Lillian Torphy (94767693) was added to Marjorie Bogisich III by Mariana Dare (54551098)  
[2025-07-15 12:09:08] testing.INFO: Account Norberto Stroman (76658975) was added to Marjorie Bogisich III by Korey Hammes (67236986)  
[2025-07-15 12:09:08] testing.INFO: Account Kacie Harvey (22090068) was added to Marjorie Bogisich III by Abbie Anderson (58715698)  
[2025-07-15 12:09:08] testing.INFO: Account Jessy Macejkovic (21816513) was added to Marjorie Bogisich III by Mckenzie Schamberger (86477573)  
[2025-07-15 12:11:41] testing.INFO: Account Ronny Ward (1) was added to Turner Reynolds by Stan Hahn (50999928)  
[2025-07-15 12:11:42] testing.INFO: Account Fletcher Lueilwitz (41081818) was added to Clemens Bernhard by Maya Spencer (17820542)  
[2025-07-15 12:11:42] testing.INFO: Account Hank O'Reilly (21930742) was added to Clemens Bernhard by Laurel Hermann (95730339)  
[2025-07-15 12:11:42] testing.INFO: Account Dessie Ruecker (34873772) was added to Clemens Bernhard by Bethany O'Conner (88619349)  
[2025-07-15 12:11:42] testing.INFO: Account Kay Trantow (35575906) was added to Clemens Bernhard by Rodrigo Kertzmann (75977460)  
[2025-07-15 12:11:42] testing.INFO: Account Yvette Jerde (43713746) was added to Clemens Bernhard by Vesta Mohr (20287089)  
[2025-07-15 12:12:25] testing.INFO: Account Magnolia Koepp (1) was added to Dr. Breana O'Connell V by Jermain Corwin (86800894)  
[2025-07-15 12:12:25] testing.INFO: Account Dewitt Brekke (63988045) was added to Dino Kreiger by Nakia O'Conner (27150755)  
[2025-07-15 12:12:25] testing.INFO: Account Alexis Berge (86540127) was added to Dino Kreiger by Maia Bergnaum (76720298)  
[2025-07-15 12:12:25] testing.INFO: Account Corrine Murazik (78207052) was added to Dino Kreiger by Clemmie Donnelly (47321641)  
[2025-07-15 12:12:25] testing.INFO: Account Myrl Wolff (26164987) was added to Dino Kreiger by Ashleigh Gislason (40784009)  
[2025-07-15 12:12:25] testing.INFO: Account Tyrese Little (42651027) was added to Dino Kreiger by Laisha Strosin (17495638)  
[2025-07-15 12:13:48] testing.INFO: Account Glenda Altenwerth (1) was added to Elfrieda Schimmel IV by Jorge Kub (35980053)  
[2025-07-15 12:13:48] testing.INFO: Account Jayme Nicolas (50648133) was added to Mr. Winfield VonRueden by Terrill Nader (93912443)  
[2025-07-15 12:13:48] testing.INFO: Account Jennifer Heidenreich (45898422) was added to Mr. Winfield VonRueden by Ines Larkin (72512713)  
[2025-07-15 12:13:48] testing.INFO: Account Garrett Stracke (56670884) was added to Mr. Winfield VonRueden by Kadin Bartell (68882279)  
[2025-07-15 12:13:48] testing.INFO: Account Gregorio Beer (23006053) was added to Mr. Winfield VonRueden by Beth Strosin (23170518)  
[2025-07-15 12:13:48] testing.INFO: Account Chasity Schneider (35220368) was added to Mr. Winfield VonRueden by Thurman Sauer (73146606)  
[2025-07-15 12:14:00] testing.INFO: Account Lysanne Rodriguez (1) was added to Cole Ferry by Javier Jenkins (83307758)  
[2025-07-15 12:14:00] testing.INFO: Account Nicholaus Dickens (30678340) was added to Jaleel Gulgowski by Rhianna Kub (99895471)  
[2025-07-15 12:14:00] testing.INFO: Account Kolby Mills (78185215) was added to Jaleel Gulgowski by Archibald Blanda (34403241)  
[2025-07-15 12:14:00] testing.INFO: Account Everette Kutch (64355044) was added to Jaleel Gulgowski by Alden Jones (17532696)  
[2025-07-15 12:14:00] testing.INFO: Account Hillard Mraz (18429957) was added to Jaleel Gulgowski by Bridget Greenholt (97013444)  
[2025-07-15 12:14:00] testing.INFO: Account Monique McGlynn (53455976) was added to Jaleel Gulgowski by Easter Maggio (15290097)  
[2025-07-15 12:14:53] testing.INFO: Account Jeramy Veum (1) was added to Kaylie Daugherty by Chad Jones (29014657)  
[2025-07-15 12:14:53] testing.INFO: Account Connie Quitzon (65014665) was added to Gianni Toy by Rhoda Lehner (62662438)  
[2025-07-15 12:14:53] testing.INFO: Account Lester Gislason (53644993) was added to Gianni Toy by Soledad Greenholt (85142967)  
[2025-07-15 12:14:53] testing.INFO: Account Johanna Dibbert (69942191) was added to Gianni Toy by Felicity Howe (86980862)  
[2025-07-15 12:14:53] testing.INFO: Account Kaylee Leannon (16457792) was added to Gianni Toy by Conor Larkin (69431291)  
[2025-07-15 12:14:53] testing.INFO: Account Alivia Breitenberg (81579194) was added to Gianni Toy by Fred Kris (56679433)  
[2025-07-15 12:15:43] testing.INFO: Account Winfield Watsica (1) was added to Lia Gusikowski by Linda Cruickshank (86482518)  
[2025-07-15 12:15:43] testing.INFO: Account Felicia Jaskolski (37290954) was added to Miss Rhea Weissnat DDS by Brionna Gusikowski (81363576)  
[2025-07-15 12:15:43] testing.INFO: Account Jorge Auer (76064930) was added to Miss Rhea Weissnat DDS by Natalia Altenwerth (85453699)  
[2025-07-15 12:15:43] testing.INFO: Account Clara Kuphal (20498814) was added to Miss Rhea Weissnat DDS by Marcelina O'Conner (91074647)  
[2025-07-15 12:15:43] testing.INFO: Account Kyler Kohler (11722543) was added to Miss Rhea Weissnat DDS by Joana Streich (71542247)  
[2025-07-15 12:15:43] testing.INFO: Account Kaylee Kris (67178017) was added to Miss Rhea Weissnat DDS by Brittany Fritsch (28330633)  
[2025-07-15 12:15:57] testing.INFO: Account Name Thiel (1) was added to Celine Wisoky PhD by Pedro Langworth (23415105)  
[2025-07-15 12:15:57] testing.INFO: Account Verdie Romaguera (96579314) was added to Ayla Lebsack by Aida Bruen (93043064)  
[2025-07-15 12:15:58] testing.INFO: Account Chanelle Langworth (16755417) was added to Ayla Lebsack by Curtis Collier (60084415)  
[2025-07-15 12:15:58] testing.INFO: Account Furman Green (98740639) was added to Ayla Lebsack by Burnice Olson (70120573)  
[2025-07-15 12:15:58] testing.INFO: Account Jaron Stehr (77055297) was added to Ayla Lebsack by Ted Ryan (25844170)  
[2025-07-15 12:15:58] testing.INFO: Account Paul Brakus (10579283) was added to Ayla Lebsack by Adell Robel (70659610)  
